<?xml version="1.0" encoding="UTF-8" ?>
<testsuite tests="22" failures="0" name="TestH2" time="1.319" errors="0" skipped="0">
  <properties>
[...]
</properties>
  <testcase classname="TestH2" name="TestH2.testCreateDB" time="0.407"/>
  <testcase classname="TestH2" name="TestH2.testAddCountry" time="0.131"/>
  <testcase classname="TestH2" name="TestH2.testAddRegion" time="0.336"/>
  <testcase classname="TestH2" name="TestH2.testAddRegionNegative" time="0.103"/>
  <testcase classname="TestH2" name="TestH2.testAddCity" time="0.006"/>
  <testcase classname="TestH2" name="TestH2.testAddCityNegative" time="0.014"/>
  <testcase classname="TestH2" name="TestH2.testFindCountryById" time="0.007"/>
  <testcase classname="TestH2" name="TestH2.testFindCountryByIdNegative" time="0.003"/>
  <testcase classname="TestH2" name="TestH2.testFindCountryByName" time="0.003"/>
  <testcase classname="TestH2" name="TestH2.testFindCountryByNameNegative" time="0.003"/>
  <testcase classname="TestH2" name="TestH2.testFindRegionById" time="0.006"/>
  <testcase classname="TestH2" name="TestH2.testFindRegionByIdNegative" time="0.003"/>
  <testcase classname="TestH2" name="TestH2.testFindRegionByName" time="0.01"/>
  <testcase classname="TestH2" name="TestH2.testFindRegionByNameNegative" time="0.003"/>
  <testcase classname="TestH2" name="TestH2.testFindCityById" time="0.006"/>
  <testcase classname="TestH2" name="TestH2.testFindCityByIdNegative" time="0.003"/>
  <testcase classname="TestH2" name="TestH2.testFindCityByName" time="0.002"/>
  <testcase classname="TestH2" name="TestH2.testFindCityByNameNegative" time="0.003"/>
  <testcase classname="TestH2" name="TestH2.testPrintCountries" time="0.003"/>
  <testcase classname="TestH2" name="TestH2.testPrintRegions" time="0.003"/>
  <testcase classname="TestH2" name="TestH2.testPrintCities" time="0.003"/>
  <testcase classname="TestH2" name="TestH2.testDropDB" time="0.261"/>
</testsuite>